\BOOKMARK [0][-]{chapter*.2}{\376\377\000\332\000v\000o\000d}{}% 1
\BOOKMARK [0][-]{chapter.1}{\376\377\000K\000o\000n\000t\000e\000x\000t}{}% 2
\BOOKMARK [1][-]{section.1.1}{\376\377\000T\000e\000s\000t\000o\000v\000\341\000n\000\355\000\040\000s\000o\000f\000t\000w\000a\000r\000u\000\040\000p\001\131\000i\000\040\000v\000\375\000v\000o\000j\000i}{chapter.1}% 3
\BOOKMARK [1][-]{section.1.2}{\376\377\000P\000r\001\157\000b\001\033\001\176\000n\000\341\000\040\000i\000n\000t\000e\000g\000r\000a\000c\000e}{chapter.1}% 4
\BOOKMARK [1][-]{section.1.3}{\376\377\000S\000c\000\351\000n\000\341\001\131}{chapter.1}% 5
\BOOKMARK [0][-]{chapter.2}{\376\377\000P\000r\000o\000b\000l\000\351\000m\000\040\000v\000y\000h\000o\000d\000n\000o\000c\000o\000v\000\341\000n\000\355\000\040\000v\000\375\000k\000o\000n\000u}{}% 6
\BOOKMARK [1][-]{section.2.1}{\376\377\000A\000u\000t\000o\000m\000a\000t\000i\000c\000k\000\351\000\040\000v\000y\000h\000o\000d\000n\000o\000c\000o\000v\000\341\000n\000\355}{chapter.2}% 7
\BOOKMARK [1][-]{section.2.2}{\376\377\000V\000\375\000s\000l\000e\000d\000k\000y\000\040\000m\001\033\001\131\000e\000n\000\355\000\040\000v\000\375\000k\000o\000n\000u}{chapter.2}% 8
\BOOKMARK [2][-]{subsection.2.2.1}{\376\377\000V\000\375\000s\000t\000u\000p\000\040\000m\001\033\001\131\000e\000n\000\355\000\040\000B\000e\000n\000c\000h\000m\000a\000r\000k\000D\000o\000t\000N\000e\000t}{section.2.2}% 9
\BOOKMARK [2][-]{subsection.2.2.2}{\376\377\000V\000\375\000s\000t\000u\000p\000\040\000m\001\033\001\131\000e\000n\000\355\000\040\000J\000M\000H}{section.2.2}% 10
\BOOKMARK [1][-]{section.2.3}{\376\377\000P\000o\000u\001\176\000i\000t\000\355\000\040\000s\000t\000a\000t\000i\000s\000t\000i\000c\000k\000\375\000c\000h\000\040\000m\000e\000t\000o\000d\000\040\000p\000r\000o\000\040\000a\000n\000a\000l\000\375\000z\000u\000\040\000d\000a\000t}{chapter.2}% 11
\BOOKMARK [2][-]{subsection.2.3.1}{\376\377\000W\000e\000l\000c\000h\001\157\000v\000\040\000d\000v\000o\000u\000v\000\375\000b\001\033\000r\000o\000v\000\375\000\040\000T\000-\000t\000e\000s\000t}{section.2.3}% 12
\BOOKMARK [2][-]{subsection.2.3.2}{\376\377\000P\000e\000r\000c\000e\000n\000t\000i\000l\000o\000v\000\375\000\040\000h\000i\000e\000r\000a\000r\000c\000h\000i\000c\000k\000\375\000\040\000b\000o\000o\000t\000s\000t\000r\000a\000p}{section.2.3}% 13
\BOOKMARK [2][-]{subsection.2.3.3}{\376\377\000C\000o\000\040\000d\001\033\000l\000a\000t\000\040\000v\000\040\000p\001\131\000\355\000p\000a\000d\001\033\000\040\000n\000e\000v\000y\000v\000r\000\341\000c\000e\000n\000\355\000\040\000h\000y\000p\000o\000t\000\351\000z\000y\000?}{section.2.3}% 14
\BOOKMARK [0][-]{chapter.3}{\376\377\000S\000y\000s\000t\000\351\000m\000\040\000P\000e\000r\000f\000E\000v\000a\000l}{}% 15
\BOOKMARK [1][-]{section.3.1}{\376\377\000P\000o\000p\000i\000s\000\040\000s\000y\000s\000t\000\351\000m\000u}{chapter.3}% 16
\BOOKMARK [2][-]{subsection.3.1.1}{\376\377\000P\000r\001\157\000b\001\033\000h\000\040\000v\000y\000h\000o\000d\000n\000o\000c\000o\000v\000\341\000n\000\355}{section.3.1}% 17
\BOOKMARK [2][-]{subsection.3.1.2}{\376\377\000I\000n\000i\000c\000i\000a\000l\000i\000z\000a\000c\000e\000\040\000s\000y\000s\000t\000\351\000m\000u\000\040\000P\000e\000r\000f\000E\000v\000a\000l}{section.3.1}% 18
\BOOKMARK [2][-]{subsection.3.1.3}{\376\377\000P\001\131\000i\000d\000\341\000v\000\341\000n\000\355\000\040\000n\000o\000v\000\375\000c\000h\000\040\000v\000\375\000s\000l\000e\000d\000k\001\157\000\040\000t\000e\000s\000t\001\157}{section.3.1}% 19
\BOOKMARK [1][-]{section.3.2}{\376\377\000R\000o\000z\000b\000o\000r\000\040\000a\000l\000t\000e\000r\000n\000a\000t\000i\000v\000\040\000v\000\040\001\131\000e\001\141\000e\000n\000\355}{chapter.3}% 20
\BOOKMARK [2][-]{subsection.3.2.1}{\376\377\000G\000r\000a\000f\000i\000c\000k\000\351\000\040\000r\000o\000z\000h\000r\000a\000n\000\355}{section.3.2}% 21
\BOOKMARK [2][-]{subsection.3.2.2}{\376\377\000S\000p\000o\000u\001\141\000t\001\033\000n\000\355\000\040\000t\000e\000s\000t\001\157\000\040\000s\000y\000s\000t\000\351\000m\000e\000m\000\040\000P\000e\000r\000f\000E\000v\000a\000l}{section.3.2}% 22
\BOOKMARK [2][-]{subsection.3.2.3}{\376\377\000P\000o\000u\001\176\000i\000t\000\351\000\040\000s\000t\000a\000t\000i\000s\000t\000i\000c\000k\000\351\000\040\000m\000e\000t\000o\000d\000y}{section.3.2}% 23
\BOOKMARK [2][-]{subsection.3.2.4}{\376\377\000F\000o\000r\000m\000a\000\040\000u\000k\000l\000\341\000d\000\341\000n\000\355\000\040\000i\000n\000f\000o\000r\000m\000a\000c\000\355\000\040\000o\000\040\000m\001\033\001\131\000e\000n\000\355\000c\000h}{section.3.2}% 24
\BOOKMARK [0][-]{chapter.4}{\376\377\000U\001\176\000i\000v\000a\000t\000e\000l\000s\000k\000\341\000\040\000d\000o\000k\000u\000m\000e\000n\000t\000a\000c\000e\000\040\000s\000y\000s\000t\000\351\000m\000u\000\040\000P\000e\000r\000f\000E\000v\000a\000l}{}% 25
\BOOKMARK [1][-]{section.4.1}{\376\377\000I\000n\000s\000t\000a\000l\000a\000c\000e}{chapter.4}% 26
\BOOKMARK [1][-]{section.4.2}{\376\377\000D\000o\000s\000t\000u\000p\000n\000\351\000\040\000p\001\131\000\355\000k\000a\000z\000y}{chapter.4}% 27
\BOOKMARK [2][-]{subsection.4.2.1}{\376\377\000P\001\131\000\355\000k\000a\000z\000\040\000i\000n\000i\000t}{section.4.2}% 28
\BOOKMARK [2][-]{subsection.4.2.2}{\376\377\000P\001\131\000\355\000k\000a\000z\000\040\000i\000n\000d\000e\000x\000-\000n\000e\000w\000-\000r\000e\000s\000u\000l\000t}{section.4.2}% 29
\BOOKMARK [2][-]{subsection.4.2.3}{\376\377\000P\001\131\000\355\000k\000a\000z\000\040\000i\000n\000d\000e\000x\000-\000a\000l\000l\000-\000r\000e\000s\000u\000l\000t\000s}{section.4.2}% 30
\BOOKMARK [2][-]{subsection.4.2.4}{\376\377\000P\001\131\000\355\000k\000a\000z\000\040\000e\000v\000a\000l\000u\000a\000t\000e}{section.4.2}% 31
\BOOKMARK [2][-]{subsection.4.2.5}{\376\377\000P\001\131\000\355\000k\000a\000z\000\040\000l\000i\000s\000t\000-\000u\000n\000d\000e\000c\000i\000d\000e\000d}{section.4.2}% 32
\BOOKMARK [2][-]{subsection.4.2.6}{\376\377\000P\001\131\000\355\000k\000a\000z\000\040\000l\000i\000s\000t\000-\000r\000e\000s\000u\000l\000t\000s}{section.4.2}% 33
\BOOKMARK [1][-]{section.4.3}{\376\377\000K\000o\000n\000f\000i\000g\000u\000r\000a\001\015\000n\000\355\000\040\000s\000o\000u\000b\000o\000r}{chapter.4}% 34
\BOOKMARK [0][-]{chapter.5}{\376\377\000P\000r\000o\000g\000r\000a\000m\000\341\000t\000o\000r\000s\000k\000\341\000\040\000d\000o\000k\000u\000m\000e\000n\000t\000a\000c\000e\000\040\000s\000y\000s\000t\000\351\000m\000u\000\040\000P\000e\000r\000f\000E\000v\000a\000l}{}% 35
\BOOKMARK [1][-]{section.5.1}{\376\377\000A\000r\000c\000h\000i\000t\000e\000k\000t\000u\000r\000a\000\040\000s\000y\000s\000t\000\351\000m\000u}{chapter.5}% 36
\BOOKMARK [2][-]{subsection.5.1.1}{\376\377\000P\000a\000r\000s\000e\000r\000\040\000a\000\040\000s\000e\000t\000u\000p\000\040\000t\001\131\000\355\000d\000y}{section.5.1}% 37
\BOOKMARK [2][-]{subsection.5.1.2}{\376\377\000C\000o\000m\000m\000a\000n\000d\000\040\000t\001\131\000\355\000d\000y}{section.5.1}% 38
\BOOKMARK [2][-]{subsection.5.1.3}{\376\377\000I\000m\000p\000l\000e\000m\000e\000n\000t\000a\000c\000e\000\040\000r\000o\000z\000h\000r\000a\000n\000\355\000\040\000M\000e\000a\000s\000u\000r\000e\000m\000e\000n\000t\000P\000a\000r\000s\000e\000r}{section.5.1}% 39
\BOOKMARK [2][-]{subsection.5.1.4}{\376\377\000I\000m\000p\000l\000e\000m\000e\000n\000t\000a\000c\000e\000\040\000r\000o\000z\000h\000r\000a\000n\000\355\000\040\000S\000t\000a\000t\000i\000s\000t\000i\000c\000T\000e\000s\000t}{section.5.1}% 40
\BOOKMARK [2][-]{subsection.5.1.5}{\376\377\000I\000m\000p\000l\000e\000m\000e\000n\000t\000a\000c\000e\000\040\000r\000o\000z\000h\000r\000a\000n\000\355\000\040\000D\000a\000t\000a\000b\000a\000s\000e}{section.5.1}% 41
\BOOKMARK [2][-]{subsection.5.1.6}{\376\377\000S\000t\000r\000u\000k\000t\000u\000r\000a\000\040\000k\000o\000n\000f\000i\000g\000u\000r\000a\001\015\000n\000\355\000h\000o\000\040\000s\000o\000u\000b\000o\000r\000u}{section.5.1}% 42
\BOOKMARK [1][-]{section.5.2}{\376\377\000R\000o\000z\001\141\000i\001\131\000i\000t\000e\000l\000n\000o\000s\000t\000\040\000a\000\040\000j\000e\000j\000\355\000\040\000o\000m\000e\000z\000e\000n\000\355}{chapter.5}% 43
\BOOKMARK [2][-]{subsection.5.2.1}{\376\377\000R\000o\000z\001\141\000\355\001\131\000e\000n\000\355\000\040\000o\000\040\000d\000a\000t\000o\000v\000\375\000\040\000f\000o\000r\000m\000\341\000t}{section.5.2}% 44
\BOOKMARK [2][-]{subsection.5.2.2}{\376\377\000R\000o\000z\001\141\000\355\001\131\000e\000n\000\355\000\040\000o\000\040\000f\000i\000l\000t\000r}{section.5.2}% 45
\BOOKMARK [2][-]{subsection.5.2.3}{\376\377\000R\000o\000z\001\141\000\355\001\131\000e\000n\000\355\000\040\000o\000\040\000s\000t\000a\000t\000i\000s\000t\000i\000c\000k\000\375\000\040\000t\000e\000s\000t}{section.5.2}% 46
\BOOKMARK [2][-]{subsection.5.2.4}{\376\377\000R\000o\000z\001\141\000\355\001\131\000e\000n\000\355\000\040\000o\000\040\000m\000o\001\176\000n\000o\000s\000t\000\040\000v\000\375\000p\000i\000s\000u}{section.5.2}% 47
\BOOKMARK [2][-]{subsection.5.2.5}{\376\377\000Z\000m\001\033\000n\000a\000\040\000p\000o\000u\001\176\000i\000t\000\351\000h\000o\000\040\000d\000a\000t\000a\000b\000\341\000z\000o\000v\000\351\000h\000o\000\040\000s\000y\000s\000t\000\351\000m\000u}{section.5.2}% 48
\BOOKMARK [2][-]{subsection.5.2.6}{\376\377\000R\000o\000z\001\141\000\355\001\131\000e\000n\000\355\000\040\000o\000\040\000p\001\131\000\355\000k\000a\000z}{section.5.2}% 49
\BOOKMARK [2][-]{subsection.5.2.7}{\376\377\000O\000m\000e\000z\000e\000n\000\341\000\040\000r\000o\001\141\000i\001\131\000i\000t\000e\000l\000n\000o\000s\000t\000\040\000v\000e\000\040\000v\000y\000h\000o\000d\000n\000o\000c\000o\000v\000\341\000n\000\355}{section.5.2}% 50
\BOOKMARK [0][-]{chapter.6}{\376\377\000U\000k\000\341\000z\000k\000a\000\040\000p\000r\000\341\000c\000e}{}% 51
\BOOKMARK [1][-]{section.6.1}{\376\377\000N\000a\000s\000a\000z\000e\000n\000\355\000\040\000s\000y\000s\000t\000\351\000m\000u\000\040\000v\000\040\000p\000r\000a\000x\000i}{chapter.6}% 52
\BOOKMARK [0][-]{chapter*.12}{\376\377\000Z\000\341\000v\001\033\000r}{}% 53
\BOOKMARK [0][-]{chapter*.13}{\376\377\000S\000e\000z\000n\000a\000m\000\040\000p\000o\000u\001\176\000i\000t\000\351\000\040\000l\000i\000t\000e\000r\000a\000t\000u\000r\000y}{}% 54
\BOOKMARK [0][-]{chapter*.14}{\376\377\000S\000e\000z\000n\000a\000m\000\040\000o\000b\000r\000\341\000z\000k\001\157}{}% 55
\BOOKMARK [0][-]{chapter*.15}{\376\377\000S\000e\000z\000n\000a\000m\000\040\000t\000a\000b\000u\000l\000e\000k}{}% 56
\BOOKMARK [0][-]{chapter*.16}{\376\377\000S\000e\000z\000n\000a\000m\000\040\000p\000o\000u\001\176\000i\000t\000\375\000c\000h\000\040\000z\000k\000r\000a\000t\000e\000k}{}% 57
\BOOKMARK [0][-]{appendix.A}{\376\377\000P\001\131\000\355\000l\000o\000h\000y}{}% 58
\BOOKMARK [1][-]{section.A.1}{\376\377\000P\000r\000v\000n\000\355\000\040\000p\001\131\000\355\000l\000o\000h\000a}{appendix.A}% 59
